2026-07-09 15:07:41.375 +08:00 [INF] Now listening on: http://localhost:5111
2026-07-09 15:07:41.399 +08:00 [INF] Application started. Press Ctrl+C to shut down.
2026-07-09 15:07:41.401 +08:00 [INF] Hosting environment: Development
2026-07-09 15:07:41.402 +08:00 [INF] Content root path: C:\Users\Loise\Downloads\IT15 for opencode\LibWiseApp
2026-07-09 15:07:55.609 +08:00 [WRN] Failed to determine the https port for redirect.
2026-07-09 15:19:54.710 +08:00 [INF] Application is shutting down...
2026-07-09 15:20:18.435 +08:00 [INF] Now listening on: http://localhost:5111
2026-07-09 15:20:18.456 +08:00 [INF] Application started. Press Ctrl+C to shut down.
2026-07-09 15:20:18.458 +08:00 [INF] Hosting environment: Development
2026-07-09 15:20:18.460 +08:00 [INF] Content root path: C:\Users\Loise\Downloads\IT15 for opencode\LibWiseApp
2026-07-09 15:20:23.800 +08:00 [WRN] Failed to determine the https port for redirect.
2026-07-09 15:30:44.077 +08:00 [INF] Application is shutting down...
2026-07-09 15:30:57.639 +08:00 [INF] Now listening on: http://localhost:5111
2026-07-09 15:30:57.663 +08:00 [INF] Application started. Press Ctrl+C to shut down.
2026-07-09 15:30:57.665 +08:00 [INF] Hosting environment: Development
2026-07-09 15:30:57.666 +08:00 [INF] Content root path: C:\Users\Loise\Downloads\IT15 for opencode\LibWiseApp
2026-07-09 15:31:01.912 +08:00 [WRN] Failed to determine the https port for redirect.
2026-07-09 15:31:44.870 +08:00 [INF] Application is shutting down...
2026-07-09 15:38:00.300 +08:00 [INF] Now listening on: http://localhost:5111
2026-07-09 15:38:00.322 +08:00 [INF] Application started. Press Ctrl+C to shut down.
2026-07-09 15:38:00.323 +08:00 [INF] Hosting environment: Development
2026-07-09 15:38:00.324 +08:00 [INF] Content root path: C:\Users\Loise\Downloads\IT15 for opencode\LibWiseApp
2026-07-09 15:38:02.941 +08:00 [WRN] Failed to determine the https port for redirect.
2026-07-09 19:44:12.736 +08:00 [INF] Application is shutting down...
